<?xml version="1.0" encoding="UTF-8"?>
<!-- Generated by org.testng.reporters.JUnitReportReporter -->
<testsuite hostname="LAPTOP-PG58VPJS" failures="0" tests="1" name="com.comcast.crm.contacttest.CreateContactTest" time="17.428" errors="0" timestamp="2024-06-15T13:06:53 IST" skipped="0">
  <testcase classname="com.comcast.crm.contacttest.CreateContactTest" name="createContactTest" time="17.428"/>
</testsuite> <!-- com.comcast.crm.contacttest.CreateContactTest -->
