<?xml version="1.0" encoding="UTF-8"?>
<!-- Generated by org.testng.reporters.JUnitReportReporter -->
<testsuite hostname="LAPTOP-PG58VPJS" failures="0" tests="1" name="com.comcast.crm.orgtest.CreateOrganizationTest" time="17.335" errors="0" timestamp="2024-06-24T12:52:26 IST" skipped="0">
  <testcase classname="com.comcast.crm.orgtest.CreateOrganizationTest" name="createOrgTest" time="17.335"/>
</testsuite> <!-- com.comcast.crm.orgtest.CreateOrganizationTest -->
